<?xml version="1.0" encoding="UTF-8"?>
<!-- Generated by org.testng.reporters.JUnitReportReporter -->
<testsuite hostname="MacBook-Pro-cua-PhuongHM.local" failures="0" tests="2" name="Ecom.TestCase" time="2.583" errors="0" timestamp="2022-08-09T13:01:47 ICT" skipped="0">
  <testcase classname="Ecom.TestCase" name="TC_02_CreateProduct" time="0.001"/>
  <system-out/>
  <testcase classname="Ecom.TestCase" name="TC_01_Login" time="2.582"/>
  <system-out/>
</testsuite> <!-- Ecom.TestCase -->
