<?xml version="1.0" encoding="UTF-8"?>
<!-- Generated by org.testng.reporters.JUnitReportReporter -->
<testsuite hostname="HACNGUYEN-ATG" failures="0" tests="1" name="SumValidation" time="0.885" errors="0" timestamp="2022-07-23T13:12:24 ICT" skipped="0">
  <testcase classname="SumValidation" name="sumOfCourses" time="0.885"/>
  <system-out/>
</testsuite> <!-- SumValidation -->
