<?xml version="1.0" encoding="UTF-8"?>
<!-- Generated by org.testng.reporters.JUnitReportReporter -->
<testsuite hostname="HACNGUYEN-ATG" failures="0" tests="4" name="HCE.JwtToken" time="1.789" errors="0" timestamp="2022-08-01T18:01:47 ICT" skipped="0">
  <testcase classname="HCE.JwtToken" name="getTokenDeviceID" time="1.456"/>
  <system-out/>
  <testcase classname="HCE.JwtToken" name="testPublicKey" time="0.061"/>
  <system-out/>
  <testcase classname="HCE.JwtToken" name="handshake" time="0.187"/>
  <system-out/>
  <testcase classname="HCE.JwtToken" name="testDecrypt" time="0.085"/>
  <system-out/>
</testsuite> <!-- HCE.JwtToken -->
