<?xml version="1.0" encoding="UTF-8"?>
<!-- Generated by org.testng.reporters.JUnitReportReporter -->
<testsuite hostname="MacBook-Pro-cua-PhuongHM.local" failures="0" tests="5" name="JIRA.GetToken" time="7.091" errors="0" timestamp="2022-08-04T12:53:22 ICT" skipped="0">
  <testcase classname="JIRA.GetToken" name="getTokenDeviceID" time="3.499"/>
  <system-out/>
  <testcase classname="JIRA.GetToken" name="createIssue" time="2.190"/>
  <system-out/>
  <testcase classname="JIRA.GetToken" name="addComment" time="0.565"/>
  <system-out/>
  <testcase classname="JIRA.GetToken" name="addAttachment" time="0.483"/>
  <system-out/>
  <testcase classname="JIRA.GetToken" name="getIssue" time="0.354"/>
  <system-out/>
</testsuite> <!-- JIRA.GetToken -->
