<?xml version="1.0" encoding="UTF-8"?>
<!-- Generated by org.testng.reporters.JUnitReportReporter -->
<testsuite hostname="MacBook-Pro-cua-PhuongHM.local" failures="0" tests="6" name="Ecom.TestCase" time="5.908" errors="0" timestamp="2022-08-09T22:01:48 ICT" skipped="0">
  <testcase classname="Ecom.TestCase" name="TC_05_DeleteOrder" time="0.505"/>
  <system-out/>
  <testcase classname="Ecom.TestCase" name="TC_06_DeleteProduct" time="0.484"/>
  <system-out/>
  <testcase classname="Ecom.TestCase" name="TC_01_Login" time="2.423"/>
  <system-out/>
  <testcase classname="Ecom.TestCase" name="TC_02_CreateProduct" time="1.382"/>
  <system-out/>
  <testcase classname="Ecom.TestCase" name="TC_04_ViewDetailOrder" time="0.521"/>
  <system-out/>
  <testcase classname="Ecom.TestCase" name="TC_03_CreateOrder" time="0.593"/>
  <system-out/>
</testsuite> <!-- Ecom.TestCase -->
