<?xml version="1.0" encoding="UTF-8"?>
<!-- Generated by org.testng.reporters.JUnitReportReporter -->
<testsuite hostname="MacBook-Pro-cua-PhuongHM.local" failures="0" tests="1" name="JIRA.GetToken" time="3.128" errors="0" timestamp="2022-08-02T23:23:25 ICT" skipped="0">
  <testcase classname="JIRA.GetToken" name="getTokenDeviceID" time="3.128"/>
  <system-out/>
</testsuite> <!-- JIRA.GetToken -->
