<?xml version="1.0" encoding="UTF-8"?>
<!-- Generated by org.testng.reporters.JUnitReportReporter -->
<testsuite hostname="MacBook-Pro-cua-PhuongHM.local" failures="0" tests="1" name="Ecom.TestCase" time="2.244" errors="0" timestamp="2022-08-08T18:52:54 ICT" skipped="0">
  <testcase classname="Ecom.TestCase" name="TC_01_Login" time="2.244"/>
  <system-out/>
</testsuite> <!-- Ecom.TestCase -->
